<?xml version="1.0" encoding="UTF-8"?>
<!-- Generated by org.testng.reporters.JUnitReportReporter -->
<testsuite skipped="0" hostname="ip-172-31-73-47" name="test.ParallelTest" tests="2" failures="0" timestamp="29 May 2021 15:13:18 GMT" time="6.600" errors="0">
  <testcase name="Test2" time="4.780" classname="test.ParallelTest"/>
  <testcase name="Test1" time="1.820" classname="test.ParallelTest"/>
</testsuite> <!-- test.ParallelTest -->
