<?xml version="1.0" encoding="UTF-8"?>
<!-- Generated by org.testng.reporters.JUnitReportReporter -->
<testsuite skipped="0" hostname="ip-172-31-73-47" name="testng.TestngAnno" tests="2" failures="0" timestamp="22 May 2021 15:16:59 GMT" time="0.009" errors="0">
  <testcase name="test4" time="0.007" classname="testng.TestngAnno"/>
  <testcase name="test5" time="0.002" classname="testng.TestngAnno"/>
</testsuite> <!-- testng.TestngAnno -->
