<?xml version="1.0" encoding="UTF-8"?>
<!-- Generated by org.testng.reporters.JUnitReportReporter -->
<testsuite skipped="0" hostname="ip-172-31-73-47" name="testng.testanno2" tests="1" failures="0" timestamp="22 May 2021 14:45:02 GMT" time="0.005" errors="0">
  <testcase name="test3" time="0.005" classname="testng.testanno2"/>
</testsuite> <!-- testng.testanno2 -->
