<?xml version="1.0" encoding="UTF-8"?>
<!-- Generated by org.testng.reporters.JUnitReportReporter -->
<testsuite skipped="0" hostname="ip-172-31-73-47" name="test.Dataproviderex" tests="2" failures="0" timestamp="22 May 2021 17:10:18 GMT" time="0.010" errors="0">
  <testcase name="test" time="0.001" classname="test.Dataproviderex"/>
  <testcase name="test" time="0.009" classname="test.Dataproviderex"/>
</testsuite> <!-- test.Dataproviderex -->
